2022-12-18T19:34:20+00:00 CRITICAL Uncaught Error: Call to undefined function () in /home/kuwaitlankancart/public_html/wp-content/plugins/wp-rocket/inc/constants.php:1
Stack trace:
#0 /home/kuwaitlankancart/public_html/wp-content/plugins/wp-rocket/wp-rocket.php(66): require_once()
#1 /home/kuwaitlankancart/public_html/wp-settings.php(428): include_once('/home/kuwaitlan...')
#2 /home/kuwaitlankancart/public_html/wp-config.php(106): require_once('/home/kuwaitlan...')
#3 /home/kuwaitlankancart/public_html/wp-load.php(50): require_once('/home/kuwaitlan...')
#4 /home/kuwaitlankancart/public_html/wp-login.php(12): require('/home/kuwaitlan...')
#5 {main}
  thrown in /home/kuwaitlankancart/public_html/wp-content/plugins/wp-rocket/inc/constants.php on line 1

2022-12-18T19:50:20+00:00 CRITICAL Uncaught Error: Call to undefined function () in /home/kuwaitlankancart/public_html/wp-content/plugins/wp-rocket/inc/constants.php:1
Stack trace:
#0 /home/kuwaitlankancart/public_html/wp-content/plugins/wp-rocket/wp-rocket.php(66): require_once()
#1 /home/kuwaitlankancart/public_html/wp-settings.php(428): include_once('/home/kuwaitlan...')
#2 /home/kuwaitlankancart/public_html/wp-config.php(106): require_once('/home/kuwaitlan...')
#3 /home/kuwaitlankancart/public_html/wp-load.php(50): require_once('/home/kuwaitlan...')
#4 /home/kuwaitlankancart/public_html/wp-login.php(12): require('/home/kuwaitlan...')
#5 {main}
  thrown in /home/kuwaitlankancart/public_html/wp-content/plugins/wp-rocket/inc/constants.php on line 1

2022-12-18T21:48:57+00:00 CRITICAL Uncaught Error: Call to undefined function () in /home/kuwaitlankancart/public_html/wp-content/plugins/wp-rocket/inc/constants.php:1
Stack trace:
#0 /home/kuwaitlankancart/public_html/wp-content/plugins/wp-rocket/wp-rocket.php(66): require_once()
#1 /home/kuwaitlankancart/public_html/wp-settings.php(428): include_once('/home/kuwaitlan...')
#2 /home/kuwaitlankancart/public_html/wp-config.php(106): require_once('/home/kuwaitlan...')
#3 /home/kuwaitlankancart/public_html/wp-load.php(50): require_once('/home/kuwaitlan...')
#4 /home/kuwaitlankancart/public_html/wp-login.php(12): require('/home/kuwaitlan...')
#5 {main}
  thrown in /home/kuwaitlankancart/public_html/wp-content/plugins/wp-rocket/inc/constants.php on line 1

2022-12-18T22:00:38+00:00 CRITICAL Uncaught Error: Call to undefined function () in /home/kuwaitlankancart/public_html/wp-content/plugins/wp-rocket/inc/constants.php:1
Stack trace:
#0 /home/kuwaitlankancart/public_html/wp-content/plugins/wp-rocket/wp-rocket.php(66): require_once()
#1 /home/kuwaitlankancart/public_html/wp-settings.php(428): include_once('/home/kuwaitlan...')
#2 /home/kuwaitlankancart/public_html/wp-config.php(106): require_once('/home/kuwaitlan...')
#3 /home/kuwaitlankancart/public_html/wp-load.php(50): require_once('/home/kuwaitlan...')
#4 /home/kuwaitlankancart/public_html/wp-login.php(12): require('/home/kuwaitlan...')
#5 {main}
  thrown in /home/kuwaitlankancart/public_html/wp-content/plugins/wp-rocket/inc/constants.php on line 1

2022-12-18T22:51:58+00:00 CRITICAL Uncaught Error: Call to undefined function () in /home/kuwaitlankancart/public_html/wp-content/plugins/wp-rocket/inc/constants.php:1
Stack trace:
#0 /home/kuwaitlankancart/public_html/wp-content/plugins/wp-rocket/wp-rocket.php(66): require_once()
#1 /home/kuwaitlankancart/public_html/wp-settings.php(428): include_once('/home/kuwaitlan...')
#2 /home/kuwaitlankancart/public_html/wp-config.php(106): require_once('/home/kuwaitlan...')
#3 /home/kuwaitlankancart/public_html/wp-load.php(50): require_once('/home/kuwaitlan...')
#4 /home/kuwaitlankancart/public_html/wp-login.php(12): require('/home/kuwaitlan...')
#5 {main}
  thrown in /home/kuwaitlankancart/public_html/wp-content/plugins/wp-rocket/inc/constants.php on line 1

2022-12-18T23:23:24+00:00 CRITICAL Uncaught Error: Call to undefined function () in /home/kuwaitlankancart/public_html/wp-content/plugins/wp-rocket/inc/constants.php:1
Stack trace:
#0 /home/kuwaitlankancart/public_html/wp-content/plugins/wp-rocket/wp-rocket.php(66): require_once()
#1 /home/kuwaitlankancart/public_html/wp-settings.php(428): include_once('/home/kuwaitlan...')
#2 /home/kuwaitlankancart/public_html/wp-config.php(106): require_once('/home/kuwaitlan...')
#3 /home/kuwaitlankancart/public_html/wp-load.php(50): require_once('/home/kuwaitlan...')
#4 /home/kuwaitlankancart/public_html/wp-login.php(12): require('/home/kuwaitlan...')
#5 {main}
  thrown in /home/kuwaitlankancart/public_html/wp-content/plugins/wp-rocket/inc/constants.php on line 1

